
. 
. qui{

Zero-inflated generalized negative binomial regression (pooled analysis)


Fitting full gen negative binomial model:

Fitting constant-only zero-inflated gen negative binomial model:

Iteration 0:   log pseudolikelihood = -24502.655  (not concave)
Iteration 1:   log pseudolikelihood = -8429.5049  
Iteration 2:   log pseudolikelihood = -7489.8006  
Iteration 3:   log pseudolikelihood = -7422.4581  
Iteration 4:   log pseudolikelihood = -7015.7342  
Iteration 5:   log pseudolikelihood = -6982.3604  
Iteration 6:   log pseudolikelihood = -6974.1977  
Iteration 7:   log pseudolikelihood = -6973.9768  

Fitting full zero-inflated gen negative binomial model:

Iteration 0:   log pseudolikelihood = -7458.5123  
Iteration 1:   log pseudolikelihood = -6571.2309  
Iteration 2:   log pseudolikelihood = -6544.1357  
Iteration 3:   log pseudolikelihood = -6538.3836  
Iteration 4:   log pseudolikelihood = -6537.4439  
Iteration 5:   log pseudolikelihood = -6537.2165  
Iteration 6:   log pseudolikelihood = -6537.1686  
Iteration 7:   log pseudolikelihood =  -6537.157  
Iteration 8:   log pseudolikelihood = -6537.1547  
Iteration 9:   log pseudolikelihood = -6537.1543  
Iteration 10:  log pseudolikelihood = -6537.1542  
Iteration 11:  log pseudolikelihood = -6537.1542  

Zero-inflated gen. neg. binomial regression       Number of obs   =     181643
Regression link:                                  Nonzero obs     =     181345
Inflation link : logit                            Zero obs        =        298
                                                  Wald chi2(17)   =          .
Log pseudolikelihood = -6537.154                  Prob > chi2     =          .

                                     (Std. err. adjusted for 19 clusters in PID)
--------------------------------------------------------------------------------
               |               Robust
           GSL | Coefficient  std. err.      z    P>|z|     [95% conf. interval]
---------------+----------------------------------------------------------------
GSL            |
        Muscle |
            0  |  -.1038242   .1125678    -0.92   0.356     -.324453    .1168046
            1  |   .5839726   .0520556    11.22   0.000     .4819454    .6859997
            3  |  -.0096243   .1117492    -0.09   0.931    -.2286487       .2094
            4  |   .2641961   .0654032     4.04   0.000     .1360081     .392384
            5  |   .6889926   .0764776     9.01   0.000     .5390991     .838886
               |
       Machine |
            0  |   1.273031   .0570218    22.33   0.000     1.161271    1.384792
            1  |   1.501676   .0621769    24.15   0.000     1.379811     1.62354
               |
Muscle#Machine |
          0 0  |  -.0996584   .0835733    -1.19   0.233     -.263459    .0641421
          0 1  |   .1169037   .0945844     1.24   0.216    -.0684782    .3022857
          1 0  |  -.3484674   .0653143    -5.34   0.000    -.4764812   -.2204537
          1 1  |  -.2162435    .052854    -4.09   0.000    -.3198355   -.1126515
          3 0  |  -.0344042   .0860705    -0.40   0.689    -.2030993     .134291
          3 1  |   .2104766   .0875724     2.40   0.016     .0388379    .3821152
          4 0  |  -.1099907   .0764033    -1.44   0.150    -.2597384     .039757
          4 1  |  -.1850799    .055972    -3.31   0.001     -.294783   -.0753769
          5 0  |  -.5697618   .0678951    -8.39   0.000    -.7028337   -.4366899
          5 1  |  -.2098209   .0609282    -3.44   0.001    -.3292381   -.0904038
               |
         _cons |   3.123815   .0823075    37.95   0.000     2.962495    3.285135
---------------+----------------------------------------------------------------
inflate        |
        Muscle |
            0  |   -.881468   .4742222    -1.86   0.063    -1.810926    .0479904
            1  |  -3.471174   .9803483    -3.54   0.000    -5.392621   -1.549727
            3  |  -16.22131   .8330784   -19.47   0.000    -17.85412   -14.58851
            4  |  -2.247186   .9128232    -2.46   0.014    -4.036286    -.458085
            5  |  -4.670589   1.162963    -4.02   0.000    -6.949954   -2.391224
               |
       Machine |
            0  |  -11.88197   1.377189    -8.63   0.000    -14.58121    -9.18273
            1  |  -17.26186    .736767   -23.43   0.000    -18.70589   -15.81782
               |
Muscle#Machine |
          0 0  |   -4.07182   .8851624    -4.60   0.000    -5.806707   -2.336934
          0 1  |    .881468   .4742988     1.86   0.063    -.0481406    1.811077
          1 0  |   -1.90871   1.409304    -1.35   0.176    -4.670894    .8534747
          1 1  |   3.471174   .9806588     3.54   0.000     1.549118     5.39323
          3 0  |   10.84143   1.460546     7.42   0.000     7.978812    13.70405
          3 1  |   16.22131    .830668    19.53   0.000     14.59323    17.84939
          4 0  |  -3.132698   1.477463    -2.12   0.034    -6.028473    -.236924
          4 1  |   2.247186   .9121794     2.46   0.014     .4593467    4.035024
          5 0  |  -.7092947   1.577918    -0.45   0.653    -3.801958    2.383368
          5 1  |   4.670589   1.163242     4.02   0.000     2.390677    6.950502
               |
         _cons |  -2.782903    .696862    -3.99   0.000    -4.148727   -1.417078
---------------+----------------------------------------------------------------
lnalpha        |
        Muscle |
            0  |   .3260184    .199808     1.63   0.103    -.0655981    .7176349
            1  |  -.5879264    .166274    -3.54   0.000    -.9138175   -.2620353
            3  |  -.0250307   .1831156    -0.14   0.891    -.3839308    .3338693
            4  |  -.0361022    .151661    -0.24   0.812    -.3333523    .2611478
            5  |  -.9433667   .2338387    -4.03   0.000    -1.401682   -.4850512
               |
       Machine |
            0  |  -1.204358   .1864641    -6.46   0.000    -1.569821   -.8388954
            1  |  -1.639248   .2087738    -7.85   0.000    -2.048437   -1.230058
               |
Muscle#Machine |
          0 0  |  -.0165781   .2650779    -0.06   0.950    -.5361211     .502965
          0 1  |  -.3079497    .242589    -1.27   0.204    -.7834154    .1675159
          1 0  |   .6055217   .2696299     2.25   0.025     .0770568    1.133987
          1 1  |   .2840763   .2576945     1.10   0.270    -.2209956    .7891483
          3 0  |  -.2210134    .209138    -1.06   0.291    -.6309163    .1888895
          3 1  |  -.5411891   .2287691    -2.37   0.018    -.9895683   -.0928099
          4 0  |  -.2994367   .2321329    -1.29   0.197    -.7544089    .1555355
          4 1  |   .1126339   .2506265     0.45   0.653    -.3785851    .6038528
          5 0  |   .7730913   .2984115     2.59   0.010     .1882155    1.357967
          5 1  |   .3673526   .2324732     1.58   0.114    -.0882865    .8229916
               |
         _cons |   -.557221   .1401665    -3.98   0.000    -.8319424   -.2824996
--------------------------------------------------------------------------------

Coefficients for Machine: d0 Muscle: Upper trapezius


 ( 1)  [GSL]0.Muscle + [GSL]0.Machine + [GSL]0.Muscle#0.Machine + [GSL]_cons = 0

------------------------------------------------------------------------------
         GSL | Coefficient  Std. err.      z    P>|z|     [95% conf. interval]
-------------+----------------------------------------------------------------
         (1) |   4.193364   .0792732    52.90   0.000     4.037991    4.348737
------------------------------------------------------------------------------

 ( 1)  [lnalpha]0.Muscle + [lnalpha]0.Machine + [lnalpha]0.Muscle#0.Machine + [lnalpha]_cons =
       0

------------------------------------------------------------------------------
         GSL | Coefficient  Std. err.      z    P>|z|     [95% conf. interval]
-------------+----------------------------------------------------------------
         (1) |  -1.452139   .1231413   -11.79   0.000    -1.693492   -1.210787
------------------------------------------------------------------------------

 ( 1)  [inflate]0.Muscle + [inflate]0.Machine + [inflate]0.Muscle#0.Machine + [inflate]_cons =
       0

------------------------------------------------------------------------------
         GSL | Coefficient  Std. err.      z    P>|z|     [95% conf. interval]
-------------+----------------------------------------------------------------
         (1) |  -19.61816   .6090878   -32.21   0.000    -20.81195   -18.42437
------------------------------------------------------------------------------

Coefficients for Machine: d1 Muscle: Upper trapezius


 ( 1)  [GSL]0.Muscle + [GSL]1.Machine + [GSL]0.Muscle#1.Machine + [GSL]_cons = 0

------------------------------------------------------------------------------
         GSL | Coefficient  Std. err.      z    P>|z|     [95% conf. interval]
-------------+----------------------------------------------------------------
         (1) |    4.63857   .0505822    91.70   0.000     4.539431     4.73771
------------------------------------------------------------------------------

 ( 1)  [lnalpha]0.Muscle + [lnalpha]1.Machine + [lnalpha]0.Muscle#1.Machine + [lnalpha]_cons =
       0

------------------------------------------------------------------------------
         GSL | Coefficient  Std. err.      z    P>|z|     [95% conf. interval]
-------------+----------------------------------------------------------------
         (1) |    -2.1784   .1322066   -16.48   0.000     -2.43752    -1.91928
------------------------------------------------------------------------------

 ( 1)  [inflate]0.Muscle + [inflate]1.Machine + [inflate]0.Muscle#1.Machine + [inflate]_cons =
       0

------------------------------------------------------------------------------
         GSL | Coefficient  Std. err.      z    P>|z|     [95% conf. interval]
-------------+----------------------------------------------------------------
         (1) |  -20.04476   .2357023   -85.04   0.000    -20.50673   -19.58279
------------------------------------------------------------------------------

Coefficients for Machine: d2 Muscle: Upper trapezius


 ( 1)  [GSL]0.Muscle + [GSL]2b.Machine + [GSL]0o.Muscle#2b.Machine + [GSL]_cons = 0

------------------------------------------------------------------------------
         GSL | Coefficient  Std. err.      z    P>|z|     [95% conf. interval]
-------------+----------------------------------------------------------------
         (1) |   3.019991   .1384998    21.81   0.000     2.748536    3.291446
------------------------------------------------------------------------------

 ( 1)  [lnalpha]0.Muscle + [lnalpha]2b.Machine + [lnalpha]0o.Muscle#2b.Machine +
       [lnalpha]_cons = 0

------------------------------------------------------------------------------
         GSL | Coefficient  Std. err.      z    P>|z|     [95% conf. interval]
-------------+----------------------------------------------------------------
         (1) |  -.2312026   .1802431    -1.28   0.200    -.5844726    .1220673
------------------------------------------------------------------------------

 ( 1)  [inflate]0.Muscle + [inflate]2b.Machine + [inflate]0o.Muscle#2b.Machine +
       [inflate]_cons = 0

------------------------------------------------------------------------------
         GSL | Coefficient  Std. err.      z    P>|z|     [95% conf. interval]
-------------+----------------------------------------------------------------
         (1) |  -3.664371   .5806603    -6.31   0.000    -4.802444   -2.526298
------------------------------------------------------------------------------

Coefficients for Machine: d0 Muscle: Pectoralis major


 ( 1)  [GSL]1.Muscle + [GSL]0.Machine + [GSL]1.Muscle#0.Machine + [GSL]_cons = 0

------------------------------------------------------------------------------
         GSL | Coefficient  Std. err.      z    P>|z|     [95% conf. interval]
-------------+----------------------------------------------------------------
         (1) |   4.632352   .0538281    86.06   0.000     4.526851    4.737853
------------------------------------------------------------------------------

 ( 1)  [lnalpha]1.Muscle + [lnalpha]0.Machine + [lnalpha]1.Muscle#0.Machine + [lnalpha]_cons =
       0

------------------------------------------------------------------------------
         GSL | Coefficient  Std. err.      z    P>|z|     [95% conf. interval]
-------------+----------------------------------------------------------------
         (1) |  -1.743984   .0748784   -23.29   0.000    -1.890743   -1.597225
------------------------------------------------------------------------------

 ( 1)  [inflate]1.Muscle + [inflate]0.Machine + [inflate]1.Muscle#0.Machine + [inflate]_cons =
       0

------------------------------------------------------------------------------
         GSL | Coefficient  Std. err.      z    P>|z|     [95% conf. interval]
-------------+----------------------------------------------------------------
         (1) |  -20.04476   .2357023   -85.04   0.000    -20.50673   -19.58279
------------------------------------------------------------------------------

Coefficients for Machine: d1 Muscle: Pectoralis major


 ( 1)  [GSL]1.Muscle + [GSL]1.Machine + [GSL]1.Muscle#1.Machine + [GSL]_cons = 0

------------------------------------------------------------------------------
         GSL | Coefficient  Std. err.      z    P>|z|     [95% conf. interval]
-------------+----------------------------------------------------------------
         (1) |    4.99322   .0315159   158.44   0.000      4.93145     5.05499
------------------------------------------------------------------------------

 ( 1)  [lnalpha]1.Muscle + [lnalpha]1.Machine + [lnalpha]1.Muscle#1.Machine + [lnalpha]_cons =
       0

------------------------------------------------------------------------------
         GSL | Coefficient  Std. err.      z    P>|z|     [95% conf. interval]
-------------+----------------------------------------------------------------
         (1) |  -2.500319   .0811022   -30.83   0.000    -2.659276   -2.341361
------------------------------------------------------------------------------

 ( 1)  [inflate]1.Muscle + [inflate]1.Machine + [inflate]1.Muscle#1.Machine + [inflate]_cons =
       0

------------------------------------------------------------------------------
         GSL | Coefficient  Std. err.      z    P>|z|     [95% conf. interval]
-------------+----------------------------------------------------------------
         (1) |  -20.04476   .2360598   -84.91   0.000    -20.50743   -19.58209
------------------------------------------------------------------------------

Coefficients for Machine: d2 Muscle: Pectoralis major


 ( 1)  [GSL]1.Muscle + [GSL]2b.Machine + [GSL]1o.Muscle#2b.Machine + [GSL]_cons = 0

------------------------------------------------------------------------------
         GSL | Coefficient  Std. err.      z    P>|z|     [95% conf. interval]
-------------+----------------------------------------------------------------
         (1) |   3.707788   .0709458    52.26   0.000     3.568737    3.846839
------------------------------------------------------------------------------

 ( 1)  [lnalpha]1.Muscle + [lnalpha]2b.Machine + [lnalpha]1o.Muscle#2b.Machine +
       [lnalpha]_cons = 0

------------------------------------------------------------------------------
         GSL | Coefficient  Std. err.      z    P>|z|     [95% conf. interval]
-------------+----------------------------------------------------------------
         (1) |  -1.145147   .1556437    -7.36   0.000    -1.450203   -.8400914
------------------------------------------------------------------------------

 ( 1)  [inflate]1.Muscle + [inflate]2b.Machine + [inflate]1o.Muscle#2b.Machine +
       [inflate]_cons = 0

------------------------------------------------------------------------------
         GSL | Coefficient  Std. err.      z    P>|z|     [95% conf. interval]
-------------+----------------------------------------------------------------
         (1) |  -6.254077   .7428132    -8.42   0.000    -7.709964    -4.79819
------------------------------------------------------------------------------

Coefficients for Machine: d0 Muscle: Middle deltoid


 ( 1)  [GSL]2b.Muscle + [GSL]0.Machine + [GSL]2b.Muscle#0o.Machine + [GSL]_cons = 0

------------------------------------------------------------------------------
         GSL | Coefficient  Std. err.      z    P>|z|     [95% conf. interval]
-------------+----------------------------------------------------------------
         (1) |   4.396846   .0576396    76.28   0.000     4.283875    4.509818
------------------------------------------------------------------------------

 ( 1)  [lnalpha]2b.Muscle + [lnalpha]0.Machine + [lnalpha]2b.Muscle#0o.Machine +
       [lnalpha]_cons = 0

------------------------------------------------------------------------------
         GSL | Coefficient  Std. err.      z    P>|z|     [95% conf. interval]
-------------+----------------------------------------------------------------
         (1) |  -1.761579   .2356635    -7.47   0.000    -2.223471   -1.299688
------------------------------------------------------------------------------

 ( 1)  [inflate]2b.Muscle + [inflate]0.Machine + [inflate]2b.Muscle#0o.Machine +
       [inflate]_cons = 0

------------------------------------------------------------------------------
         GSL | Coefficient  Std. err.      z    P>|z|     [95% conf. interval]
-------------+----------------------------------------------------------------
         (1) |  -14.66487   .9763945   -15.02   0.000    -16.57857   -12.75118
------------------------------------------------------------------------------

Coefficients for Machine: d1 Muscle: Middle deltoid


 ( 1)  [GSL]2b.Muscle + [GSL]1.Machine + [GSL]2b.Muscle#1o.Machine + [GSL]_cons = 0

------------------------------------------------------------------------------
         GSL | Coefficient  Std. err.      z    P>|z|     [95% conf. interval]
-------------+----------------------------------------------------------------
         (1) |   4.625491   .0460146   100.52   0.000     4.535304    4.715678
------------------------------------------------------------------------------

 ( 1)  [lnalpha]2b.Muscle + [lnalpha]1.Machine + [lnalpha]2b.Muscle#1o.Machine +
       [lnalpha]_cons = 0

------------------------------------------------------------------------------
         GSL | Coefficient  Std. err.      z    P>|z|     [95% conf. interval]
-------------+----------------------------------------------------------------
         (1) |  -2.196469   .2282038    -9.63   0.000     -2.64374   -1.749197
------------------------------------------------------------------------------

 ( 1)  [inflate]2b.Muscle + [inflate]1.Machine + [inflate]2b.Muscle#1o.Machine +
       [inflate]_cons = 0

------------------------------------------------------------------------------
         GSL | Coefficient  Std. err.      z    P>|z|     [95% conf. interval]
-------------+----------------------------------------------------------------
         (1) |  -20.04476   .2360791   -84.91   0.000    -20.50746   -19.58205
------------------------------------------------------------------------------

Coefficients for Machine: d2 Muscle: Middle deltoid


 ( 1)  [GSL]2b.Muscle + [GSL]2b.Machine + [GSL]2b.Muscle#2b.Machine + [GSL]_cons = 0

------------------------------------------------------------------------------
         GSL | Coefficient  Std. err.      z    P>|z|     [95% conf. interval]
-------------+----------------------------------------------------------------
         (1) |   3.123815   .0823075    37.95   0.000     2.962495    3.285135
------------------------------------------------------------------------------

 ( 1)  [lnalpha]2b.Muscle + [lnalpha]2b.Machine + [lnalpha]2b.Muscle#2b.Machine +
       [lnalpha]_cons = 0

------------------------------------------------------------------------------
         GSL | Coefficient  Std. err.      z    P>|z|     [95% conf. interval]
-------------+----------------------------------------------------------------
         (1) |   -.557221   .1401665    -3.98   0.000    -.8319424   -.2824996
------------------------------------------------------------------------------

 ( 1)  [inflate]2b.Muscle + [inflate]2b.Machine + [inflate]2b.Muscle#2b.Machine +
       [inflate]_cons = 0

------------------------------------------------------------------------------
         GSL | Coefficient  Std. err.      z    P>|z|     [95% conf. interval]
-------------+----------------------------------------------------------------
         (1) |  -2.782903    .696862    -3.99   0.000    -4.148727   -1.417078
------------------------------------------------------------------------------

Coefficients for Machine: d0 Muscle: Brachioradialis


 ( 1)  [GSL]3.Muscle + [GSL]0.Machine + [GSL]3.Muscle#0.Machine + [GSL]_cons = 0

------------------------------------------------------------------------------
         GSL | Coefficient  Std. err.      z    P>|z|     [95% conf. interval]
-------------+----------------------------------------------------------------
         (1) |   4.352818    .045478    95.71   0.000     4.263683    4.441953
------------------------------------------------------------------------------

 ( 1)  [lnalpha]3.Muscle + [lnalpha]0.Machine + [lnalpha]3.Muscle#0.Machine + [lnalpha]_cons =
       0

------------------------------------------------------------------------------
         GSL | Coefficient  Std. err.      z    P>|z|     [95% conf. interval]
-------------+----------------------------------------------------------------
         (1) |  -2.007624   .0934114   -21.49   0.000    -2.190707   -1.824541
------------------------------------------------------------------------------

 ( 1)  [inflate]3.Muscle + [inflate]0.Machine + [inflate]3.Muscle#0.Machine + [inflate]_cons =
       0

------------------------------------------------------------------------------
         GSL | Coefficient  Std. err.      z    P>|z|     [95% conf. interval]
-------------+----------------------------------------------------------------
         (1) |  -20.04476   .2357023   -85.04   0.000    -20.50673   -19.58279
------------------------------------------------------------------------------

Coefficients for Machine: d1 Muscle: Brachioradialis


 ( 1)  [GSL]3.Muscle + [GSL]1.Machine + [GSL]3.Muscle#1.Machine + [GSL]_cons = 0

------------------------------------------------------------------------------
         GSL | Coefficient  Std. err.      z    P>|z|     [95% conf. interval]
-------------+----------------------------------------------------------------
         (1) |   4.826343   .0266048   181.41   0.000     4.774199    4.878487
------------------------------------------------------------------------------

 ( 1)  [lnalpha]3.Muscle + [lnalpha]1.Machine + [lnalpha]3.Muscle#1.Machine + [lnalpha]_cons =
       0

------------------------------------------------------------------------------
         GSL | Coefficient  Std. err.      z    P>|z|     [95% conf. interval]
-------------+----------------------------------------------------------------
         (1) |  -2.762688   .1040016   -26.56   0.000    -2.966528   -2.558849
------------------------------------------------------------------------------

 ( 1)  [inflate]3.Muscle + [inflate]1.Machine + [inflate]3.Muscle#1.Machine + [inflate]_cons =
       0

------------------------------------------------------------------------------
         GSL | Coefficient  Std. err.      z    P>|z|     [95% conf. interval]
-------------+----------------------------------------------------------------
         (1) |  -20.04476   .2360791   -84.91   0.000    -20.50746   -19.58205
------------------------------------------------------------------------------

Coefficients for Machine: d2 Muscle: Brachioradialis


 ( 1)  [GSL]3.Muscle + [GSL]2b.Machine + [GSL]3o.Muscle#2b.Machine + [GSL]_cons = 0

------------------------------------------------------------------------------
         GSL | Coefficient  Std. err.      z    P>|z|     [95% conf. interval]
-------------+----------------------------------------------------------------
         (1) |   3.114191   .1090541    28.56   0.000     2.900449    3.327933
------------------------------------------------------------------------------

 ( 1)  [lnalpha]3.Muscle + [lnalpha]2b.Machine + [lnalpha]3o.Muscle#2b.Machine +
       [lnalpha]_cons = 0

------------------------------------------------------------------------------
         GSL | Coefficient  Std. err.      z    P>|z|     [95% conf. interval]
-------------+----------------------------------------------------------------
         (1) |  -.5822517   .1068376    -5.45   0.000    -.7916497   -.3728538
------------------------------------------------------------------------------

 ( 1)  [inflate]3.Muscle + [inflate]2b.Machine + [inflate]3o.Muscle#2b.Machine +
       [inflate]_cons = 0

------------------------------------------------------------------------------
         GSL | Coefficient  Std. err.      z    P>|z|     [95% conf. interval]
-------------+----------------------------------------------------------------
         (1) |  -19.00422   .4683666   -40.58   0.000     -19.9222   -18.08623
------------------------------------------------------------------------------

Coefficients for Machine: d0 Muscle: Rectus femoris


 ( 1)  [GSL]4.Muscle + [GSL]0.Machine + [GSL]4.Muscle#0.Machine + [GSL]_cons = 0

------------------------------------------------------------------------------
         GSL | Coefficient  Std. err.      z    P>|z|     [95% conf. interval]
-------------+----------------------------------------------------------------
         (1) |   4.551052   .0417025   109.13   0.000     4.469316    4.632787
------------------------------------------------------------------------------

 ( 1)  [lnalpha]4.Muscle + [lnalpha]0.Machine + [lnalpha]4.Muscle#0.Machine + [lnalpha]_cons =
       0

------------------------------------------------------------------------------
         GSL | Coefficient  Std. err.      z    P>|z|     [95% conf. interval]
-------------+----------------------------------------------------------------
         (1) |  -2.097118   .1409844   -14.87   0.000    -2.373443   -1.820794
------------------------------------------------------------------------------

 ( 1)  [inflate]4.Muscle + [inflate]0.Machine + [inflate]4.Muscle#0.Machine + [inflate]_cons =
       0

------------------------------------------------------------------------------
         GSL | Coefficient  Std. err.      z    P>|z|     [95% conf. interval]
-------------+----------------------------------------------------------------
         (1) |  -20.04476   .2357023   -85.04   0.000    -20.50673   -19.58279
------------------------------------------------------------------------------

Coefficients for Machine: d1 Muscle: Rectus femoris


 ( 1)  [GSL]4.Muscle + [GSL]1.Machine + [GSL]4.Muscle#1.Machine + [GSL]_cons = 0

------------------------------------------------------------------------------
         GSL | Coefficient  Std. err.      z    P>|z|     [95% conf. interval]
-------------+----------------------------------------------------------------
         (1) |   4.704607   .0497497    94.57   0.000     4.607099    4.802114
------------------------------------------------------------------------------

 ( 1)  [lnalpha]4.Muscle + [lnalpha]1.Machine + [lnalpha]4.Muscle#1.Machine + [lnalpha]_cons =
       0

------------------------------------------------------------------------------
         GSL | Coefficient  Std. err.      z    P>|z|     [95% conf. interval]
-------------+----------------------------------------------------------------
         (1) |  -2.119937   .1167704   -18.15   0.000    -2.348803   -1.891071
------------------------------------------------------------------------------

 ( 1)  [inflate]4.Muscle + [inflate]1.Machine + [inflate]4.Muscle#1.Machine + [inflate]_cons =
       0

------------------------------------------------------------------------------
         GSL | Coefficient  Std. err.      z    P>|z|     [95% conf. interval]
-------------+----------------------------------------------------------------
         (1) |  -20.04476   .2378235   -84.28   0.000    -20.51088   -19.57863
------------------------------------------------------------------------------

Coefficients for Machine: d2 Muscle: Rectus femoris


 ( 1)  [GSL]4.Muscle + [GSL]2b.Machine + [GSL]4o.Muscle#2b.Machine + [GSL]_cons = 0

------------------------------------------------------------------------------
         GSL | Coefficient  Std. err.      z    P>|z|     [95% conf. interval]
-------------+----------------------------------------------------------------
         (1) |   3.388011   .0891532    38.00   0.000     3.213274    3.562748
------------------------------------------------------------------------------

 ( 1)  [lnalpha]4.Muscle + [lnalpha]2b.Machine + [lnalpha]4o.Muscle#2b.Machine +
       [lnalpha]_cons = 0

------------------------------------------------------------------------------
         GSL | Coefficient  Std. err.      z    P>|z|     [95% conf. interval]
-------------+----------------------------------------------------------------
         (1) |  -.5933232   .1251708    -4.74   0.000    -.8386534    -.347993
------------------------------------------------------------------------------

 ( 1)  [inflate]4.Muscle + [inflate]2b.Machine + [inflate]4o.Muscle#2b.Machine +
       [inflate]_cons = 0

------------------------------------------------------------------------------
         GSL | Coefficient  Std. err.      z    P>|z|     [95% conf. interval]
-------------+----------------------------------------------------------------
         (1) |  -5.030088   .5119413    -9.83   0.000    -6.033475   -4.026702
------------------------------------------------------------------------------

Coefficients for Machine: d0 Muscle: Tibialis anterior


 ( 1)  [GSL]5.Muscle + [GSL]0.Machine + [GSL]5.Muscle#0.Machine + [GSL]_cons = 0

------------------------------------------------------------------------------
         GSL | Coefficient  Std. err.      z    P>|z|     [95% conf. interval]
-------------+----------------------------------------------------------------
         (1) |   4.516077   .0478777    94.33   0.000     4.422239    4.609916
------------------------------------------------------------------------------

 ( 1)  [lnalpha]5.Muscle + [lnalpha]0.Machine + [lnalpha]5.Muscle#0.Machine + [lnalpha]_cons =
       0

------------------------------------------------------------------------------
         GSL | Coefficient  Std. err.      z    P>|z|     [95% conf. interval]
-------------+----------------------------------------------------------------
         (1) |  -1.931855   .1180023   -16.37   0.000    -2.163135   -1.700575
------------------------------------------------------------------------------

 ( 1)  [inflate]5.Muscle + [inflate]0.Machine + [inflate]5.Muscle#0.Machine + [inflate]_cons =
       0

------------------------------------------------------------------------------
         GSL | Coefficient  Std. err.      z    P>|z|     [95% conf. interval]
-------------+----------------------------------------------------------------
         (1) |  -20.04476   .2360598   -84.91   0.000    -20.50743   -19.58209
------------------------------------------------------------------------------

Coefficients for Machine: d1 Muscle: Tibialis anterior


 ( 1)  [GSL]5.Muscle + [GSL]1.Machine + [GSL]5.Muscle#1.Machine + [GSL]_cons = 0

------------------------------------------------------------------------------
         GSL | Coefficient  Std. err.      z    P>|z|     [95% conf. interval]
-------------+----------------------------------------------------------------
         (1) |   5.104662   .0310371   164.47   0.000     5.043831    5.165494
------------------------------------------------------------------------------

 ( 1)  [lnalpha]5.Muscle + [lnalpha]1.Machine + [lnalpha]5.Muscle#1.Machine + [lnalpha]_cons =
       0

------------------------------------------------------------------------------
         GSL | Coefficient  Std. err.      z    P>|z|     [95% conf. interval]
-------------+----------------------------------------------------------------
         (1) |  -2.772483   .1099653   -25.21   0.000    -2.988011   -2.556955
------------------------------------------------------------------------------

 ( 1)  [inflate]5.Muscle + [inflate]1.Machine + [inflate]5.Muscle#1.Machine + [inflate]_cons =
       0

------------------------------------------------------------------------------
         GSL | Coefficient  Std. err.      z    P>|z|     [95% conf. interval]
-------------+----------------------------------------------------------------
         (1) |  -20.04476   .2360598   -84.91   0.000    -20.50743   -19.58209
------------------------------------------------------------------------------

Coefficients for Machine: d2 Muscle: Tibialis anterior


 ( 1)  [GSL]5.Muscle + [GSL]2b.Machine + [GSL]5o.Muscle#2b.Machine + [GSL]_cons = 0

------------------------------------------------------------------------------
         GSL | Coefficient  Std. err.      z    P>|z|     [95% conf. interval]
-------------+----------------------------------------------------------------
         (1) |   3.812808   .0632088    60.32   0.000     3.688921    3.936695
------------------------------------------------------------------------------

 ( 1)  [lnalpha]5.Muscle + [lnalpha]2b.Machine + [lnalpha]5o.Muscle#2b.Machine +
       [lnalpha]_cons = 0

------------------------------------------------------------------------------
         GSL | Coefficient  Std. err.      z    P>|z|     [95% conf. interval]
-------------+----------------------------------------------------------------
         (1) |  -1.500588   .2260733    -6.64   0.000    -1.943683   -1.057492
------------------------------------------------------------------------------

 ( 1)  [inflate]5.Muscle + [inflate]2b.Machine + [inflate]5o.Muscle#2b.Machine +
       [inflate]_cons = 0

------------------------------------------------------------------------------
         GSL | Coefficient  Std. err.      z    P>|z|     [95% conf. interval]
-------------+----------------------------------------------------------------
         (1) |  -7.453492   .8739648    -8.53   0.000    -9.166432   -5.740552
------------------------------------------------------------------------------

. 
. log close nbreg_sample
