
. 
. qui{

Perform leave-one-out cross-validation (LOOCV) to assess the predictive accuracy of the conver
> sion models


Predict lnmean 0 using 1


Spearman: 0.79
RMSE: 0.160


Assess differential agreement by muscle site


Median regression
R-squared = .00223229
Number of obs = 114
Objective function = .06347014

Standard errors adjusted for 19 clusters in PID
------------------------------------------------------------------------------
    diffReal | Coefficient  Std. err.      t    P>|t|     [95% conf. interval]
-------------+----------------------------------------------------------------
      Muscle |
          1  |  -.0517488   .0602108    -0.86   0.392     -.171097    .0675995
          2  |  -.0225125   .0448939    -0.50   0.617       -.1115    .0664751
          3  |  -.0743628   .0751333    -0.99   0.325    -.2232901    .0745645
          4  |   .0358834   .0808317     0.44   0.658     -.124339    .1961058
          5  |   .0134935   .0602108     0.22   0.823    -.1058548    .1328418
             |
       _cons |   .0121594   .0463956     0.26   0.794    -.0798047    .1041234
------------------------------------------------------------------------------

Parente-Santos Silva test for intra-cluster correlation
         Ho: No intra-cluster correlation

            T   =   0.533
         P>|T|  =   0.594

 ( 1)  0b.Muscle + _cons = 0

------------------------------------------------------------------------------
    diffReal | Coefficient  Std. err.      t    P>|t|     [95% conf. interval]
-------------+----------------------------------------------------------------
         (1) |   .0121594   .0463956     0.26   0.794    -.0797499    .1040686
------------------------------------------------------------------------------

 ( 1)  1.Muscle + _cons = 0

------------------------------------------------------------------------------
    diffReal | Coefficient  Std. err.      t    P>|t|     [95% conf. interval]
-------------+----------------------------------------------------------------
         (1) |  -.0395894   .0463956    -0.85   0.395    -.1314986    .0523199
------------------------------------------------------------------------------

 ( 1)  2.Muscle + _cons = 0

------------------------------------------------------------------------------
    diffReal | Coefficient  Std. err.      t    P>|t|     [95% conf. interval]
-------------+----------------------------------------------------------------
         (1) |  -.0103531   .0510351    -0.20   0.840    -.1114533    .0907471
------------------------------------------------------------------------------

 ( 1)  3.Muscle + _cons = 0

------------------------------------------------------------------------------
    diffReal | Coefficient  Std. err.      t    P>|t|     [95% conf. interval]
-------------+----------------------------------------------------------------
         (1) |  -.0622034   .0567057    -1.10   0.275    -.1745369    .0501301
------------------------------------------------------------------------------

 ( 1)  4.Muscle + _cons = 0

------------------------------------------------------------------------------
    diffReal | Coefficient  Std. err.      t    P>|t|     [95% conf. interval]
-------------+----------------------------------------------------------------
         (1) |   .0480428   .0637939     0.75   0.453    -.0783324     .174418
------------------------------------------------------------------------------

 ( 1)  5.Muscle + _cons = 0

------------------------------------------------------------------------------
    diffReal | Coefficient  Std. err.      t    P>|t|     [95% conf. interval]
-------------+----------------------------------------------------------------
         (1) |   .0256529   .0463956     0.55   0.581    -.0662563    .1175621
------------------------------------------------------------------------------

 ( 1)  .1666667*0b.Muscle + .1666667*1.Muscle + .1666667*2.Muscle + .1666667*3.Muscle +
       .1666667*4.Muscle + .1666667*5.Muscle + _cons = 0

------------------------------------------------------------------------------
    diffReal | Coefficient  Std. err.      t    P>|t|     [95% conf. interval]
-------------+----------------------------------------------------------------
         (1) |  -.0043818   .0246373    -0.18   0.859    -.0531881    .0444244
------------------------------------------------------------------------------

Predict lnalpha 0 using 1


Spearman: 0.62
RMSE: 0.469


Assess differential agreement by muscle site


Median regression
R-squared = .00796513
Number of obs = 114
Objective function = .18147712

Standard errors adjusted for 19 clusters in PID
------------------------------------------------------------------------------
    diffReal | Coefficient  Std. err.      t    P>|t|     [95% conf. interval]
-------------+----------------------------------------------------------------
      Muscle |
          1  |  -.2708263   .2582354    -1.05   0.297    -.7826936     .241041
          2  |   -.222571   .1995058    -1.12   0.267    -.6180261    .1728841
          3  |  -.0822444   .1503851    -0.55   0.586    -.3803337     .215845
          4  |  -.0049537   .1480718    -0.03   0.973    -.2984576    .2885502
          5  |  -.1728315   .2428001    -0.71   0.478    -.6541035    .3084406
             |
       _cons |   .1101073   .1527584     0.72   0.473    -.1926864     .412901
------------------------------------------------------------------------------

Parente-Santos Silva test for intra-cluster correlation
         Ho: No intra-cluster correlation

            T   =   1.718
         P>|T|  =   0.086

 ( 1)  0b.Muscle + _cons = 0

------------------------------------------------------------------------------
    diffReal | Coefficient  Std. err.      t    P>|t|     [95% conf. interval]
-------------+----------------------------------------------------------------
         (1) |   .1101073   .1527584     0.72   0.473    -.1925059    .4127205
------------------------------------------------------------------------------

 ( 1)  1.Muscle + _cons = 0

------------------------------------------------------------------------------
    diffReal | Coefficient  Std. err.      t    P>|t|     [95% conf. interval]
-------------+----------------------------------------------------------------
         (1) |   -.160719   .1718532    -0.94   0.352    -.5011589    .1797209
------------------------------------------------------------------------------

 ( 1)  2.Muscle + _cons = 0

------------------------------------------------------------------------------
    diffReal | Coefficient  Std. err.      t    P>|t|     [95% conf. interval]
-------------+----------------------------------------------------------------
         (1) |  -.1124637   .1964037    -0.57   0.568    -.5015379    .2766104
------------------------------------------------------------------------------

 ( 1)  3.Muscle + _cons = 0

------------------------------------------------------------------------------
    diffReal | Coefficient  Std. err.      t    P>|t|     [95% conf. interval]
-------------+----------------------------------------------------------------
         (1) |    .027863   .1057558     0.26   0.793    -.1816385    .2373644
------------------------------------------------------------------------------

 ( 1)  4.Muscle + _cons = 0

------------------------------------------------------------------------------
    diffReal | Coefficient  Std. err.      t    P>|t|     [95% conf. interval]
-------------+----------------------------------------------------------------
         (1) |   .1051536   .0982018     1.07   0.287    -.0893835    .2996907
------------------------------------------------------------------------------

 ( 1)  5.Muscle + _cons = 0

------------------------------------------------------------------------------
    diffReal | Coefficient  Std. err.      t    P>|t|     [95% conf. interval]
-------------+----------------------------------------------------------------
         (1) |  -.0627242   .1527584    -0.41   0.682    -.3653374    .2398891
------------------------------------------------------------------------------

 ( 1)  .1666667*0b.Muscle + .1666667*1.Muscle + .1666667*2.Muscle + .1666667*3.Muscle +
       .1666667*4.Muscle + .1666667*5.Muscle + _cons = 0

------------------------------------------------------------------------------
    diffReal | Coefficient  Std. err.      t    P>|t|     [95% conf. interval]
-------------+----------------------------------------------------------------
         (1) |  -.0154638   .0679629    -0.23   0.820    -.1500978    .1191702
------------------------------------------------------------------------------

Predict lnmean 0 using 2


Spearman: 0.84
RMSE: 0.138


Assess differential agreement by muscle site


Median regression
R-squared = .00001204
Number of obs = 114
Objective function = .0525036

Standard errors adjusted for 19 clusters in PID
------------------------------------------------------------------------------
    diffReal | Coefficient  Std. err.      t    P>|t|     [95% conf. interval]
-------------+----------------------------------------------------------------
      Muscle |
          1  |  -.0438609   .0571761    -0.77   0.445    -.1571939    .0694721
          2  |  -.0008553   .0415964    -0.02   0.984    -.0833066    .0815959
          3  |    -.04853    .044275    -1.10   0.275    -.1362908    .0392307
          4  |  -.0081158   .0449757    -0.18   0.857    -.0972654    .0810339
          5  |  -.0552549   .0342255    -1.61   0.109    -.1230957    .0125859
             |
       _cons |   .0154371   .0329545     0.47   0.640    -.0498844    .0807586
------------------------------------------------------------------------------

Parente-Santos Silva test for intra-cluster correlation
         Ho: No intra-cluster correlation

            T   =   2.903
         P>|T|  =   0.004

 ( 1)  0b.Muscle + _cons = 0

------------------------------------------------------------------------------
    diffReal | Coefficient  Std. err.      t    P>|t|     [95% conf. interval]
-------------+----------------------------------------------------------------
         (1) |   .0154371   .0329545     0.47   0.640    -.0498455    .0807196
------------------------------------------------------------------------------

 ( 1)  1.Muscle + _cons = 0

------------------------------------------------------------------------------
    diffReal | Coefficient  Std. err.      t    P>|t|     [95% conf. interval]
-------------+----------------------------------------------------------------
         (1) |  -.0284238   .0604166    -0.47   0.639    -.1481085    .0912609
------------------------------------------------------------------------------

 ( 1)  2.Muscle + _cons = 0

------------------------------------------------------------------------------
    diffReal | Coefficient  Std. err.      t    P>|t|     [95% conf. interval]
-------------+----------------------------------------------------------------
         (1) |   .0145817   .0402777     0.36   0.718    -.0652081    .0943715
------------------------------------------------------------------------------

 ( 1)  3.Muscle + _cons = 0

------------------------------------------------------------------------------
    diffReal | Coefficient  Std. err.      t    P>|t|     [95% conf. interval]
-------------+----------------------------------------------------------------
         (1) |   -.033093   .0278846    -1.19   0.238    -.0883321    .0221461
------------------------------------------------------------------------------

 ( 1)  4.Muscle + _cons = 0

------------------------------------------------------------------------------
    diffReal | Coefficient  Std. err.      t    P>|t|     [95% conf. interval]
-------------+----------------------------------------------------------------
         (1) |   .0073213   .0362499     0.20   0.840    -.0644895    .0791321
------------------------------------------------------------------------------

 ( 1)  5.Muscle + _cons = 0

------------------------------------------------------------------------------
    diffReal | Coefficient  Std. err.      t    P>|t|     [95% conf. interval]
-------------+----------------------------------------------------------------
         (1) |  -.0398178   .0402777    -0.99   0.325    -.1196076     .039972
------------------------------------------------------------------------------

 ( 1)  .1666667*0b.Muscle + .1666667*1.Muscle + .1666667*2.Muscle + .1666667*3.Muscle +
       .1666667*4.Muscle + .1666667*5.Muscle + _cons = 0

------------------------------------------------------------------------------
    diffReal | Coefficient  Std. err.      t    P>|t|     [95% conf. interval]
-------------+----------------------------------------------------------------
         (1) |  -.0106658   .0220735    -0.48   0.630    -.0543933    .0330618
------------------------------------------------------------------------------

Predict lnalpha 0 using 2


Spearman: 0.61
RMSE: 0.457


Assess differential agreement by muscle site


Median regression
R-squared = .00003722
Number of obs = 114
Objective function = .18433504

Standard errors adjusted for 19 clusters in PID
------------------------------------------------------------------------------
    diffReal | Coefficient  Std. err.      t    P>|t|     [95% conf. interval]
-------------+----------------------------------------------------------------
      Muscle |
          1  |  -.0449174   .1763003    -0.25   0.799    -.3943752    .3045405
          2  |   .0640833   .1922835     0.33   0.740    -.3170559    .4452225
          3  |  -.0506885   .1499987    -0.34   0.736     -.348012     .246635
          4  |   .1820834    .205417     0.89   0.377    -.2250886    .5892555
          5  |   -.171412   .2431918    -0.70   0.482    -.6534603    .3106364
             |
       _cons |   .0318131   .1481644     0.21   0.830    -.2618743    .3255006
------------------------------------------------------------------------------

Parente-Santos Silva test for intra-cluster correlation
         Ho: No intra-cluster correlation

            T   =   2.192
         P>|T|  =   0.028

 ( 1)  0b.Muscle + _cons = 0

------------------------------------------------------------------------------
    diffReal | Coefficient  Std. err.      t    P>|t|     [95% conf. interval]
-------------+----------------------------------------------------------------
         (1) |   .0318131   .1481644     0.21   0.830    -.2616993    .3253256
------------------------------------------------------------------------------

 ( 1)  1.Muscle + _cons = 0

------------------------------------------------------------------------------
    diffReal | Coefficient  Std. err.      t    P>|t|     [95% conf. interval]
-------------+----------------------------------------------------------------
         (1) |  -.0131042   .1646271    -0.08   0.937    -.3392292    .3130208
------------------------------------------------------------------------------

 ( 1)  2.Muscle + _cons = 0

------------------------------------------------------------------------------
    diffReal | Coefficient  Std. err.      t    P>|t|     [95% conf. interval]
-------------+----------------------------------------------------------------
         (1) |   .0958965   .1481644     0.65   0.519     -.197616    .3894089
------------------------------------------------------------------------------

 ( 1)  3.Muscle + _cons = 0

------------------------------------------------------------------------------
    diffReal | Coefficient  Std. err.      t    P>|t|     [95% conf. interval]
-------------+----------------------------------------------------------------
         (1) |  -.0188754   .1139726    -0.17   0.869    -.2446542    .2069035
------------------------------------------------------------------------------

 ( 1)  4.Muscle + _cons = 0

------------------------------------------------------------------------------
    diffReal | Coefficient  Std. err.      t    P>|t|     [95% conf. interval]
-------------+----------------------------------------------------------------
         (1) |   .2138966   .1346949     1.59   0.115     -.052933    .4807261
------------------------------------------------------------------------------

 ( 1)  5.Muscle + _cons = 0

------------------------------------------------------------------------------
    diffReal | Coefficient  Std. err.      t    P>|t|     [95% conf. interval]
-------------+----------------------------------------------------------------
         (1) |  -.1395988   .1852055    -0.75   0.453    -.5064894    .2272918
------------------------------------------------------------------------------

 ( 1)  .1666667*0b.Muscle + .1666667*1.Muscle + .1666667*2.Muscle + .1666667*3.Muscle +
       .1666667*4.Muscle + .1666667*5.Muscle + _cons = 0

------------------------------------------------------------------------------
    diffReal | Coefficient  Std. err.      t    P>|t|     [95% conf. interval]
-------------+----------------------------------------------------------------
         (1) |    .028338   .0797708     0.36   0.723    -.1296873    .1863633
------------------------------------------------------------------------------

Predict lnmean 1 using 0


Spearman: 0.85
RMSE: 0.128


Assess differential agreement by muscle site


Median regression
R-squared = .00067566
Number of obs = 114
Objective function = .04935879

Standard errors adjusted for 19 clusters in PID
------------------------------------------------------------------------------
    diffReal | Coefficient  Std. err.      t    P>|t|     [95% conf. interval]
-------------+----------------------------------------------------------------
      Muscle |
          1  |  -.0172901   .0543905    -0.32   0.751    -.1251014    .0905213
          2  |   .0149918   .0543905     0.28   0.783    -.0928196    .1228031
          3  |   .0017277    .042117     0.04   0.967    -.0817554    .0852108
          4  |   .0816198   .0517692     1.58   0.118    -.0209959    .1842354
          5  |   .0191283   .0555304     0.34   0.731    -.0909425    .1291992
             |
       _cons |  -.0127302   .0419107    -0.30   0.762    -.0958044    .0703441
------------------------------------------------------------------------------

Parente-Santos Silva test for intra-cluster correlation
         Ho: No intra-cluster correlation

            T   =   1.718
         P>|T|  =   0.086

 ( 1)  0b.Muscle + _cons = 0

------------------------------------------------------------------------------
    diffReal | Coefficient  Std. err.      t    P>|t|     [95% conf. interval]
-------------+----------------------------------------------------------------
         (1) |  -.0127302   .0419107    -0.30   0.762    -.0957549    .0702945
------------------------------------------------------------------------------

 ( 1)  1.Muscle + _cons = 0

------------------------------------------------------------------------------
    diffReal | Coefficient  Std. err.      t    P>|t|     [95% conf. interval]
-------------+----------------------------------------------------------------
         (1) |  -.0300202   .0419107    -0.72   0.475    -.1130449    .0530045
------------------------------------------------------------------------------

 ( 1)  2.Muscle + _cons = 0

------------------------------------------------------------------------------
    diffReal | Coefficient  Std. err.      t    P>|t|     [95% conf. interval]
-------------+----------------------------------------------------------------
         (1) |   .0022616   .0419107     0.05   0.957    -.0807631    .0852863
------------------------------------------------------------------------------

 ( 1)  3.Muscle + _cons = 0

------------------------------------------------------------------------------
    diffReal | Coefficient  Std. err.      t    P>|t|     [95% conf. interval]
-------------+----------------------------------------------------------------
         (1) |  -.0110025    .031433    -0.35   0.727     -.073271    .0512661
------------------------------------------------------------------------------

 ( 1)  4.Muscle + _cons = 0

------------------------------------------------------------------------------
    diffReal | Coefficient  Std. err.      t    P>|t|     [95% conf. interval]
-------------+----------------------------------------------------------------
         (1) |   .0688896   .0377196     1.83   0.070    -.0058326    .1436118
------------------------------------------------------------------------------

 ( 1)  5.Muscle + _cons = 0

------------------------------------------------------------------------------
    diffReal | Coefficient  Std. err.      t    P>|t|     [95% conf. interval]
-------------+----------------------------------------------------------------
         (1) |   .0063982   .0342905     0.19   0.852    -.0615311    .0743275
------------------------------------------------------------------------------

 ( 1)  .1666667*0b.Muscle + .1666667*1.Muscle + .1666667*2.Muscle + .1666667*3.Muscle +
       .1666667*4.Muscle + .1666667*5.Muscle + _cons = 0

------------------------------------------------------------------------------
    diffReal | Coefficient  Std. err.      t    P>|t|     [95% conf. interval]
-------------+----------------------------------------------------------------
         (1) |   .0039661   .0198165     0.20   0.842    -.0352903    .0432225
------------------------------------------------------------------------------

Predict lnalpha 1 using 0


Spearman: 0.70
RMSE: 0.325


Assess differential agreement by muscle site


Median regression
R-squared = .00004557
Number of obs = 114
Objective function = .12701743

Standard errors adjusted for 19 clusters in PID
------------------------------------------------------------------------------
    diffReal | Coefficient  Std. err.      t    P>|t|     [95% conf. interval]
-------------+----------------------------------------------------------------
      Muscle |
          1  |  -.0028763   .1263586    -0.02   0.982     -.253341    .2475885
          2  |  -.0232494   .1318218    -0.18   0.860     -.284543    .2380443
          3  |  -.0127902   .1074109    -0.12   0.905    -.2256973    .2001169
          4  |   -.060183   .1146059    -0.53   0.601    -.2873518    .1669857
          5  |  -.1280763   .1318218    -0.97   0.333    -.3893699    .1332174
             |
       _cons |   .0101154   .0907959     0.11   0.911    -.1698578    .1900885
------------------------------------------------------------------------------

Parente-Santos Silva test for intra-cluster correlation
         Ho: No intra-cluster correlation

            T   =   1.955
         P>|T|  =   0.051

 ( 1)  0b.Muscle + _cons = 0

------------------------------------------------------------------------------
    diffReal | Coefficient  Std. err.      t    P>|t|     [95% conf. interval]
-------------+----------------------------------------------------------------
         (1) |   .0101154   .0907959     0.11   0.911    -.1697505    .1899813
------------------------------------------------------------------------------

 ( 1)  1.Muscle + _cons = 0

------------------------------------------------------------------------------
    diffReal | Coefficient  Std. err.      t    P>|t|     [95% conf. interval]
-------------+----------------------------------------------------------------
         (1) |   .0072391   .0832295     0.09   0.931     -.157638    .1721162
------------------------------------------------------------------------------

 ( 1)  2.Muscle + _cons = 0

------------------------------------------------------------------------------
    diffReal | Coefficient  Std. err.      t    P>|t|     [95% conf. interval]
-------------+----------------------------------------------------------------
         (1) |   -.013134   .1109727    -0.12   0.906    -.2329701    .2067021
------------------------------------------------------------------------------

 ( 1)  3.Muscle + _cons = 0

------------------------------------------------------------------------------
    diffReal | Coefficient  Std. err.      t    P>|t|     [95% conf. interval]
-------------+----------------------------------------------------------------
         (1) |  -.0026748   .0998754    -0.03   0.979    -.2005273    .1951777
------------------------------------------------------------------------------

 ( 1)  4.Muscle + _cons = 0

------------------------------------------------------------------------------
    diffReal | Coefficient  Std. err.      t    P>|t|     [95% conf. interval]
-------------+----------------------------------------------------------------
         (1) |  -.0500676   .1109727    -0.45   0.653    -.2699037    .1697685
------------------------------------------------------------------------------

 ( 1)  5.Muscle + _cons = 0

------------------------------------------------------------------------------
    diffReal | Coefficient  Std. err.      t    P>|t|     [95% conf. interval]
-------------+----------------------------------------------------------------
         (1) |  -.1179609   .1109727    -1.06   0.290     -.337797    .1018752
------------------------------------------------------------------------------

 ( 1)  .1666667*0b.Muscle + .1666667*1.Muscle + .1666667*2.Muscle + .1666667*3.Muscle +
       .1666667*4.Muscle + .1666667*5.Muscle + _cons = 0

------------------------------------------------------------------------------
    diffReal | Coefficient  Std. err.      t    P>|t|     [95% conf. interval]
-------------+----------------------------------------------------------------
         (1) |  -.0277471   .0536555    -0.52   0.606    -.1340382    .0785439
------------------------------------------------------------------------------

Predict lnmean 1 using 2


Spearman: 0.89
RMSE: 0.105


Assess differential agreement by muscle site


Median regression
R-squared = .00692883
Number of obs = 114
Objective function = .03747394

Standard errors adjusted for 19 clusters in PID
------------------------------------------------------------------------------
    diffReal | Coefficient  Std. err.      t    P>|t|     [95% conf. interval]
-------------+----------------------------------------------------------------
      Muscle |
          1  |   .0128203   .0325291     0.39   0.694    -.0516579    .0772986
          2  |   .0081378   .0548034     0.15   0.882    -.1004921    .1167676
          3  |  -.0230436   .0268438    -0.86   0.393    -.0762527    .0301656
          4  |   .0127779   .0455326     0.28   0.780    -.0774757    .1030314
          5  |   .0045524   .0426328     0.11   0.915    -.0799532     .089058
             |
       _cons |  -.0132437   .0272675    -0.49   0.628    -.0672926    .0408052
------------------------------------------------------------------------------

Parente-Santos Silva test for intra-cluster correlation
         Ho: No intra-cluster correlation

            T   =  -1.125
         P>|T|  =   0.260

 ( 1)  0b.Muscle + _cons = 0

------------------------------------------------------------------------------
    diffReal | Coefficient  Std. err.      t    P>|t|     [95% conf. interval]
-------------+----------------------------------------------------------------
         (1) |  -.0132437   .0272675    -0.49   0.628    -.0672604     .040773
------------------------------------------------------------------------------

 ( 1)  1.Muscle + _cons = 0

------------------------------------------------------------------------------
    diffReal | Coefficient  Std. err.      t    P>|t|     [95% conf. interval]
-------------+----------------------------------------------------------------
         (1) |  -.0004234   .0163605    -0.03   0.979    -.0328334    .0319866
------------------------------------------------------------------------------

 ( 1)  2.Muscle + _cons = 0

------------------------------------------------------------------------------
    diffReal | Coefficient  Std. err.      t    P>|t|     [95% conf. interval]
-------------+----------------------------------------------------------------
         (1) |   -.005106   .0409012    -0.12   0.901     -.086131    .0759191
------------------------------------------------------------------------------

 ( 1)  3.Muscle + _cons = 0

------------------------------------------------------------------------------
    diffReal | Coefficient  Std. err.      t    P>|t|     [95% conf. interval]
-------------+----------------------------------------------------------------
         (1) |  -.0362873   .0188775    -1.92   0.057    -.0736835    .0011089
------------------------------------------------------------------------------

 ( 1)  4.Muscle + _cons = 0

------------------------------------------------------------------------------
    diffReal | Coefficient  Std. err.      t    P>|t|     [95% conf. interval]
-------------+----------------------------------------------------------------
         (1) |  -.0004659   .0350582    -0.01   0.989    -.0699159    .0689842
------------------------------------------------------------------------------

 ( 1)  5.Muscle + _cons = 0

------------------------------------------------------------------------------
    diffReal | Coefficient  Std. err.      t    P>|t|     [95% conf. interval]
-------------+----------------------------------------------------------------
         (1) |  -.0086913   .0223098    -0.39   0.698    -.0528868    .0355042
------------------------------------------------------------------------------

 ( 1)  .1666667*0b.Muscle + .1666667*1.Muscle + .1666667*2.Muscle + .1666667*3.Muscle +
       .1666667*4.Muscle + .1666667*5.Muscle + _cons = 0

------------------------------------------------------------------------------
    diffReal | Coefficient  Std. err.      t    P>|t|     [95% conf. interval]
-------------+----------------------------------------------------------------
         (1) |  -.0107029   .0112014    -0.96   0.341    -.0328928    .0114869
------------------------------------------------------------------------------

Predict lnalpha 1 using 2


Spearman: 0.78
RMSE: 0.280


Assess differential agreement by muscle site


Median regression
R-squared = .00018498
Number of obs = 114
Objective function = .09972625

Standard errors adjusted for 19 clusters in PID
------------------------------------------------------------------------------
    diffReal | Coefficient  Std. err.      t    P>|t|     [95% conf. interval]
-------------+----------------------------------------------------------------
      Muscle |
          1  |   .0199146   .1004991     0.20   0.843     -.179292    .2191211
          2  |   .0014916   .1004991     0.01   0.988     -.197715    .2006981
          3  |  -.0701299   .0777179    -0.90   0.369    -.2241803    .0839205
          4  |   .0518586    .101167     0.51   0.609    -.1486719    .2523892
          5  |  -.0895963   .0778571    -1.15   0.252    -.2439226      .06473
             |
       _cons |  -.0167563   .0514759    -0.33   0.745    -.1187904    .0852779
------------------------------------------------------------------------------

Parente-Santos Silva test for intra-cluster correlation
         Ho: No intra-cluster correlation

            T   =   0.296
         P>|T|  =   0.767

 ( 1)  0b.Muscle + _cons = 0

------------------------------------------------------------------------------
    diffReal | Coefficient  Std. err.      t    P>|t|     [95% conf. interval]
-------------+----------------------------------------------------------------
         (1) |  -.0167563   .0514759    -0.33   0.745    -.1187296    .0852171
------------------------------------------------------------------------------

 ( 1)  1.Muscle + _cons = 0

------------------------------------------------------------------------------
    diffReal | Coefficient  Std. err.      t    P>|t|     [95% conf. interval]
-------------+----------------------------------------------------------------
         (1) |   .0031583   .0836483     0.04   0.970    -.1625484     .168865
------------------------------------------------------------------------------

 ( 1)  2.Muscle + _cons = 0

------------------------------------------------------------------------------
    diffReal | Coefficient  Std. err.      t    P>|t|     [95% conf. interval]
-------------+----------------------------------------------------------------
         (1) |  -.0152647   .0836483    -0.18   0.856    -.1809714     .150442
------------------------------------------------------------------------------

 ( 1)  3.Muscle + _cons = 0

------------------------------------------------------------------------------
    diffReal | Coefficient  Std. err.      t    P>|t|     [95% conf. interval]
-------------+----------------------------------------------------------------
         (1) |  -.0868861   .0669187    -1.30   0.197    -.2194515    .0456792
------------------------------------------------------------------------------

 ( 1)  4.Muscle + _cons = 0

------------------------------------------------------------------------------
    diffReal | Coefficient  Std. err.      t    P>|t|     [95% conf. interval]
-------------+----------------------------------------------------------------
         (1) |   .0351024   .0955981     0.37   0.714    -.1542767    .2244814
------------------------------------------------------------------------------

 ( 1)  5.Muscle + _cons = 0

------------------------------------------------------------------------------
    diffReal | Coefficient  Std. err.      t    P>|t|     [95% conf. interval]
-------------+----------------------------------------------------------------
         (1) |  -.1063526   .0557656    -1.91   0.059    -.2168237    .0041186
------------------------------------------------------------------------------

 ( 1)  .1666667*0b.Muscle + .1666667*1.Muscle + .1666667*2.Muscle + .1666667*3.Muscle +
       .1666667*4.Muscle + .1666667*5.Muscle + _cons = 0

------------------------------------------------------------------------------
    diffReal | Coefficient  Std. err.      t    P>|t|     [95% conf. interval]
-------------+----------------------------------------------------------------
         (1) |  -.0311665    .026458    -1.18   0.241    -.0835796    .0212466
------------------------------------------------------------------------------

Predict lnmean 2 using 0


Spearman: 0.88
RMSE: 0.260


Assess differential agreement by muscle site


Median regression
R-squared = .00375955
Number of obs = 114
Objective function = .1000218

Standard errors adjusted for 19 clusters in PID
------------------------------------------------------------------------------
    diffReal | Coefficient  Std. err.      t    P>|t|     [95% conf. interval]
-------------+----------------------------------------------------------------
      Muscle |
          1  |  -.0482884   .1062302    -0.45   0.650     -.258855    .1622783
          2  |  -.0128004   .0855535    -0.15   0.881    -.1823824    .1567816
          3  |   .0572264   .1288575     0.44   0.658    -.1981915    .3126444
          4  |  -.0015306   .1033671    -0.01   0.988    -.2064221    .2033609
          5  |  -.0219495   .0581568    -0.38   0.707    -.1372264    .0933274
             |
       _cons |    .001405   .0677793     0.02   0.984    -.1329454    .1357553
------------------------------------------------------------------------------

Parente-Santos Silva test for intra-cluster correlation
         Ho: No intra-cluster correlation

            T   =   1.955
         P>|T|  =   0.051

 ( 1)  0b.Muscle + _cons = 0

------------------------------------------------------------------------------
    diffReal | Coefficient  Std. err.      t    P>|t|     [95% conf. interval]
-------------+----------------------------------------------------------------
         (1) |    .001405   .0677793     0.02   0.983    -.1328653    .1356752
------------------------------------------------------------------------------

 ( 1)  1.Muscle + _cons = 0

------------------------------------------------------------------------------
    diffReal | Coefficient  Std. err.      t    P>|t|     [95% conf. interval]
-------------+----------------------------------------------------------------
         (1) |  -.0468834   .0931965    -0.50   0.616     -.231505    .1377382
------------------------------------------------------------------------------

 ( 1)  2.Muscle + _cons = 0

------------------------------------------------------------------------------
    diffReal | Coefficient  Std. err.      t    P>|t|     [95% conf. interval]
-------------+----------------------------------------------------------------
         (1) |  -.0113954   .0828414    -0.14   0.891    -.1755035    .1527127
------------------------------------------------------------------------------

 ( 1)  3.Muscle + _cons = 0

------------------------------------------------------------------------------
    diffReal | Coefficient  Std. err.      t    P>|t|     [95% conf. interval]
-------------+----------------------------------------------------------------
         (1) |   .0586314   .0931965     0.63   0.531    -.1259902     .243253
------------------------------------------------------------------------------

 ( 1)  4.Muscle + _cons = 0

------------------------------------------------------------------------------
    diffReal | Coefficient  Std. err.      t    P>|t|     [95% conf. interval]
-------------+----------------------------------------------------------------
         (1) |  -.0001257   .0745572    -0.00   0.999    -.1478229    .1475716
------------------------------------------------------------------------------

 ( 1)  5.Muscle + _cons = 0

------------------------------------------------------------------------------
    diffReal | Coefficient  Std. err.      t    P>|t|     [95% conf. interval]
-------------+----------------------------------------------------------------
         (1) |  -.0205445   .0573517    -0.36   0.721    -.1341578    .0930688
------------------------------------------------------------------------------

 ( 1)  .1666667*0b.Muscle + .1666667*1.Muscle + .1666667*2.Muscle + .1666667*3.Muscle +
       .1666667*4.Muscle + .1666667*5.Muscle + _cons = 0

------------------------------------------------------------------------------
    diffReal | Coefficient  Std. err.      t    P>|t|     [95% conf. interval]
-------------+----------------------------------------------------------------
         (1) |  -.0031521   .0398883    -0.08   0.937    -.0821706    .0758664
------------------------------------------------------------------------------

Predict lnalpha 2 using 0


Spearman: 0.80
RMSE: 0.469


Assess differential agreement by muscle site


Median regression
R-squared = .00013405
Number of obs = 114
Objective function = .18473416

Standard errors adjusted for 19 clusters in PID
------------------------------------------------------------------------------
    diffReal | Coefficient  Std. err.      t    P>|t|     [95% conf. interval]
-------------+----------------------------------------------------------------
      Muscle |
          1  |   .0638849   .2057844     0.31   0.757    -.3440155    .4717852
          2  |  -.0710115   .1818487    -0.39   0.697    -.4314671    .2894442
          3  |   .0606865   .1414737     0.43   0.669    -.2197389     .341112
          4  |  -.0965068   .2632306    -0.37   0.715    -.6182754    .4252619
          5  |   .0283369   .1708469     0.17   0.869    -.3103113     .366985
             |
       _cons |  -.0138105   .1353525    -0.10   0.919    -.2821026    .2544815
------------------------------------------------------------------------------

Parente-Santos Silva test for intra-cluster correlation
         Ho: No intra-cluster correlation

            T   =   1.481
         P>|T|  =   0.139

 ( 1)  0b.Muscle + _cons = 0

------------------------------------------------------------------------------
    diffReal | Coefficient  Std. err.      t    P>|t|     [95% conf. interval]
-------------+----------------------------------------------------------------
         (1) |  -.0138105   .1353525    -0.10   0.919    -.2819427    .2543216
------------------------------------------------------------------------------

 ( 1)  1.Muscle + _cons = 0

------------------------------------------------------------------------------
    diffReal | Coefficient  Std. err.      t    P>|t|     [95% conf. interval]
-------------+----------------------------------------------------------------
         (1) |   .0500744   .2126967     0.24   0.814    -.3712762    .4714249
------------------------------------------------------------------------------

 ( 1)  2.Muscle + _cons = 0

------------------------------------------------------------------------------
    diffReal | Coefficient  Std. err.      t    P>|t|     [95% conf. interval]
-------------+----------------------------------------------------------------
         (1) |   -.084822    .114529    -0.74   0.460     -.311703    .1420591
------------------------------------------------------------------------------

 ( 1)  3.Muscle + _cons = 0

------------------------------------------------------------------------------
    diffReal | Coefficient  Std. err.      t    P>|t|     [95% conf. interval]
-------------+----------------------------------------------------------------
         (1) |    .046876    .114529     0.41   0.683     -.180005    .2737571
------------------------------------------------------------------------------

 ( 1)  4.Muscle + _cons = 0

------------------------------------------------------------------------------
    diffReal | Coefficient  Std. err.      t    P>|t|     [95% conf. interval]
-------------+----------------------------------------------------------------
         (1) |  -.1103173   .2481462    -0.44   0.657    -.6018929    .3812584
------------------------------------------------------------------------------

 ( 1)  5.Muscle + _cons = 0

------------------------------------------------------------------------------
    diffReal | Coefficient  Std. err.      t    P>|t|     [95% conf. interval]
-------------+----------------------------------------------------------------
         (1) |   .0145264   .1654308     0.09   0.930    -.3131907    .3422435
------------------------------------------------------------------------------

 ( 1)  .1666667*0b.Muscle + .1666667*1.Muscle + .1666667*2.Muscle + .1666667*3.Muscle +
       .1666667*4.Muscle + .1666667*5.Muscle + _cons = 0

------------------------------------------------------------------------------
    diffReal | Coefficient  Std. err.      t    P>|t|     [95% conf. interval]
-------------+----------------------------------------------------------------
         (1) |  -.0162455    .084071    -0.19   0.847    -.1827895    .1502985
------------------------------------------------------------------------------

Predict lnmean 2 using 1


Spearman: 0.88
RMSE: 0.262


Assess differential agreement by muscle site


Median regression
R-squared = .00257223
Number of obs = 114
Objective function = .09907137

Standard errors adjusted for 19 clusters in PID
------------------------------------------------------------------------------
    diffReal | Coefficient  Std. err.      t    P>|t|     [95% conf. interval]
-------------+----------------------------------------------------------------
      Muscle |
          1  |   .0560372   .0904477     0.62   0.537     -.123246    .2353203
          2  |   .0549633   .0995145     0.55   0.582    -.1422916    .2522183
          3  |   .0935736   .1303692     0.72   0.474    -.1648407    .3519879
          4  |   .0262118   .0900155     0.29   0.771    -.1522147    .2046382
          5  |   .0318958   .0938498     0.34   0.735    -.1541309    .2179225
             |
       _cons |  -.0491459   .0844871    -0.58   0.562     -.216614    .1183222
------------------------------------------------------------------------------

Parente-Santos Silva test for intra-cluster correlation
         Ho: No intra-cluster correlation

            T   =   0.770
         P>|T|  =   0.441

 ( 1)  0b.Muscle + _cons = 0

------------------------------------------------------------------------------
    diffReal | Coefficient  Std. err.      t    P>|t|     [95% conf. interval]
-------------+----------------------------------------------------------------
         (1) |  -.0491459   .0844871    -0.58   0.562    -.2165142    .1182224
------------------------------------------------------------------------------

 ( 1)  1.Muscle + _cons = 0

------------------------------------------------------------------------------
    diffReal | Coefficient  Std. err.      t    P>|t|     [95% conf. interval]
-------------+----------------------------------------------------------------
         (1) |   .0068913   .0482783     0.14   0.887    -.0887478    .1025303
------------------------------------------------------------------------------

 ( 1)  2.Muscle + _cons = 0

------------------------------------------------------------------------------
    diffReal | Coefficient  Std. err.      t    P>|t|     [95% conf. interval]
-------------+----------------------------------------------------------------
         (1) |   .0058174   .0675897     0.09   0.932    -.1280772    .1397121
------------------------------------------------------------------------------

 ( 1)  3.Muscle + _cons = 0

------------------------------------------------------------------------------
    diffReal | Coefficient  Std. err.      t    P>|t|     [95% conf. interval]
-------------+----------------------------------------------------------------
         (1) |   .0444277   .1351794     0.33   0.743    -.2233616    .3122169
------------------------------------------------------------------------------

 ( 1)  4.Muscle + _cons = 0

------------------------------------------------------------------------------
    diffReal | Coefficient  Std. err.      t    P>|t|     [95% conf. interval]
-------------+----------------------------------------------------------------
         (1) |  -.0229341   .0750996    -0.31   0.761     -.171706    .1258377
------------------------------------------------------------------------------

 ( 1)  5.Muscle + _cons = 0

------------------------------------------------------------------------------
    diffReal | Coefficient  Std. err.      t    P>|t|     [95% conf. interval]
-------------+----------------------------------------------------------------
         (1) |  -.0172501   .0563247    -0.31   0.760     -.128829    .0943287
------------------------------------------------------------------------------

 ( 1)  .1666667*0b.Muscle + .1666667*1.Muscle + .1666667*2.Muscle + .1666667*3.Muscle +
       .1666667*4.Muscle + .1666667*5.Muscle + _cons = 0

------------------------------------------------------------------------------
    diffReal | Coefficient  Std. err.      t    P>|t|     [95% conf. interval]
-------------+----------------------------------------------------------------
         (1) |  -.0053656   .0410066    -0.13   0.896    -.0865994    .0758681
------------------------------------------------------------------------------

Predict lnalpha 2 using 1


Spearman: 0.89
RMSE: 0.398


Assess differential agreement by muscle site


Median regression
R-squared = .00544413
Number of obs = 114
Objective function = .14912193

Standard errors adjusted for 19 clusters in PID
------------------------------------------------------------------------------
    diffReal | Coefficient  Std. err.      t    P>|t|     [95% conf. interval]
-------------+----------------------------------------------------------------
      Muscle |
          1  |   .0715821   .1616195     0.44   0.659    -.2487757      .39194
          2  |   .0396168   .1554908     0.25   0.799    -.2685928    .3478264
          3  |  -.0378942   .1602405    -0.24   0.814    -.3555186    .2797302
          4  |   .0766301   .1273024     0.60   0.548    -.1757053    .3289655
          5  |   .0570348   .1718822     0.33   0.741    -.2836656    .3977352
             |
       _cons |  -.0612998   .1297254    -0.47   0.637     -.318438    .1958383
------------------------------------------------------------------------------

Parente-Santos Silva test for intra-cluster correlation
         Ho: No intra-cluster correlation

            T   =   2.192
         P>|T|  =   0.028

 ( 1)  0b.Muscle + _cons = 0

------------------------------------------------------------------------------
    diffReal | Coefficient  Std. err.      t    P>|t|     [95% conf. interval]
-------------+----------------------------------------------------------------
         (1) |  -.0612998   .1297254    -0.47   0.637    -.3182848    .1956851
------------------------------------------------------------------------------

 ( 1)  1.Muscle + _cons = 0

------------------------------------------------------------------------------
    diffReal | Coefficient  Std. err.      t    P>|t|     [95% conf. interval]
-------------+----------------------------------------------------------------
         (1) |   .0102823   .0898099     0.11   0.909    -.1676304    .1881949
------------------------------------------------------------------------------

 ( 1)  2.Muscle + _cons = 0

------------------------------------------------------------------------------
    diffReal | Coefficient  Std. err.      t    P>|t|     [95% conf. interval]
-------------+----------------------------------------------------------------
         (1) |   -.021683    .145941    -0.15   0.882    -.3107911     .267425
------------------------------------------------------------------------------

 ( 1)  3.Muscle + _cons = 0

------------------------------------------------------------------------------
    diffReal | Coefficient  Std. err.      t    P>|t|     [95% conf. interval]
-------------+----------------------------------------------------------------
         (1) |   -.099194   .1167528    -0.85   0.397    -.3304805    .1320924
------------------------------------------------------------------------------

 ( 1)  4.Muscle + _cons = 0

------------------------------------------------------------------------------
    diffReal | Coefficient  Std. err.      t    P>|t|     [95% conf. interval]
-------------+----------------------------------------------------------------
         (1) |   .0153302    .145941     0.11   0.917    -.2737778    .3044383
------------------------------------------------------------------------------

 ( 1)  5.Muscle + _cons = 0

------------------------------------------------------------------------------
    diffReal | Coefficient  Std. err.      t    P>|t|     [95% conf. interval]
-------------+----------------------------------------------------------------
         (1) |  -.0042651   .1061389    -0.04   0.968    -.2145255    .2059953
------------------------------------------------------------------------------

 ( 1)  .1666667*0b.Muscle + .1666667*1.Muscle + .1666667*2.Muscle + .1666667*3.Muscle +
       .1666667*4.Muscle + .1666667*5.Muscle + _cons = 0

------------------------------------------------------------------------------
    diffReal | Coefficient  Std. err.      t    P>|t|     [95% conf. interval]
-------------+----------------------------------------------------------------
         (1) |  -.0268049   .0624873    -0.43   0.669    -.1505917    .0969819
------------------------------------------------------------------------------
